[     249ms] [LOG] [Fast Refresh] rebuilding @ http://localhost:3001/_next/static/chunks/node_modules_next_dist_115brz8._.js:2431
[     336ms] [LOG] [Fast Refresh] done in 188ms @ http://localhost:3001/_next/static/chunks/node_modules_next_dist_115brz8._.js:2431
[     437ms] [LOG] [Fast Refresh] rebuilding @ http://localhost:3001/_next/static/chunks/node_modules_next_dist_115brz8._.js:2431
[     457ms] [LOG] [Fast Refresh] done in 122ms @ http://localhost:3001/_next/static/chunks/node_modules_next_dist_115brz8._.js:2431
[     671ms] [INFO] %cDownload the React DevTools for a better development experience: https://react.dev/link/react-devtools font-weight:bold @ http://localhost:3001/_next/static/chunks/node_modules_next_dist_115brz8._.js:2431
[     712ms] [LOG] [HMR] connected @ http://localhost:3001/_next/static/chunks/node_modules_next_dist_115brz8._.js:2431
[     843ms] [LOG] [Fast Refresh] rebuilding @ http://localhost:3001/_next/static/chunks/node_modules_next_dist_115brz8._.js:2431
[     857ms] [LOG] [Fast Refresh] done in 123ms @ http://localhost:3001/_next/static/chunks/node_modules_next_dist_115brz8._.js:2431
[   24495ms] [LOG] [Fast Refresh] rebuilding @ http://localhost:3001/_next/static/chunks/node_modules_next_dist_115brz8._.js:2431
[   24529ms] [LOG] [Fast Refresh] done in 137ms @ http://localhost:3001/_next/static/chunks/node_modules_next_dist_115brz8._.js:2431
[   24642ms] [LOG] [Fast Refresh] rebuilding @ http://localhost:3001/_next/static/chunks/node_modules_next_dist_115brz8._.js:2431
[   24809ms] [LOG] [Fast Refresh] done in 279ms @ http://localhost:3001/_next/static/chunks/node_modules_next_dist_115brz8._.js:2431
[   33705ms] [ERROR] WebSocket connection to 'ws://localhost:3001/_next/webpack-hmr?id=bqgkfGPXXJ0uzEIfnLZrJ' failed:  @ http://localhost:3001/_next/static/chunks/node_modules_next_dist_client_0fhqo1d._.js:13299
[   34714ms] [ERROR] WebSocket connection to 'ws://localhost:3001/_next/webpack-hmr?id=bqgkfGPXXJ0uzEIfnLZrJ' failed: Error in connection establishment: net::ERR_CONNECTION_REFUSED @ http://localhost:3001/_next/static/chunks/node_modules_next_dist_client_0fhqo1d._.js:13299
[   35718ms] [ERROR] WebSocket connection to 'ws://localhost:3001/_next/webpack-hmr?id=bqgkfGPXXJ0uzEIfnLZrJ' failed: Error in connection establishment: net::ERR_CONNECTION_REFUSED @ http://localhost:3001/_next/static/chunks/node_modules_next_dist_client_0fhqo1d._.js:13299
[   36722ms] [ERROR] WebSocket connection to 'ws://localhost:3001/_next/webpack-hmr?id=bqgkfGPXXJ0uzEIfnLZrJ' failed: Error in connection establishment: net::ERR_CONNECTION_REFUSED @ http://localhost:3001/_next/static/chunks/node_modules_next_dist_client_0fhqo1d._.js:13299
[   37724ms] [ERROR] WebSocket connection to 'ws://localhost:3001/_next/webpack-hmr?id=bqgkfGPXXJ0uzEIfnLZrJ' failed: Error in connection establishment: net::ERR_CONNECTION_REFUSED @ http://localhost:3001/_next/static/chunks/node_modules_next_dist_client_0fhqo1d._.js:13299
[   38728ms] [ERROR] WebSocket connection to 'ws://localhost:3001/_next/webpack-hmr?id=bqgkfGPXXJ0uzEIfnLZrJ' failed: Error in connection establishment: net::ERR_CONNECTION_REFUSED @ http://localhost:3001/_next/static/chunks/node_modules_next_dist_client_0fhqo1d._.js:13299
[   43733ms] [ERROR] WebSocket connection to 'ws://localhost:3001/_next/webpack-hmr?id=bqgkfGPXXJ0uzEIfnLZrJ' failed: Error in connection establishment: net::ERR_CONNECTION_REFUSED @ http://localhost:3001/_next/static/chunks/node_modules_next_dist_client_0fhqo1d._.js:13299
[   48739ms] [ERROR] WebSocket connection to 'ws://localhost:3001/_next/webpack-hmr?id=bqgkfGPXXJ0uzEIfnLZrJ' failed: Error in connection establishment: net::ERR_CONNECTION_REFUSED @ http://localhost:3001/_next/static/chunks/node_modules_next_dist_client_0fhqo1d._.js:13299
[   53751ms] [ERROR] WebSocket connection to 'ws://localhost:3001/_next/webpack-hmr?id=bqgkfGPXXJ0uzEIfnLZrJ' failed: Error in connection establishment: net::ERR_CONNECTION_REFUSED @ http://localhost:3001/_next/static/chunks/node_modules_next_dist_client_0fhqo1d._.js:13299
[   58775ms] [ERROR] WebSocket connection to 'ws://localhost:3001/_next/webpack-hmr?id=bqgkfGPXXJ0uzEIfnLZrJ' failed: Error in connection establishment: net::ERR_CONNECTION_REFUSED @ http://localhost:3001/_next/static/chunks/node_modules_next_dist_client_0fhqo1d._.js:13299
[   63841ms] [ERROR] WebSocket connection to 'ws://localhost:3001/_next/webpack-hmr?id=bqgkfGPXXJ0uzEIfnLZrJ' failed: Error in connection establishment: net::ERR_CONNECTION_REFUSED @ http://localhost:3001/_next/static/chunks/node_modules_next_dist_client_0fhqo1d._.js:13299
[   68906ms] [ERROR] WebSocket connection to 'ws://localhost:3001/_next/webpack-hmr?id=bqgkfGPXXJ0uzEIfnLZrJ' failed: Error in connection establishment: net::ERR_CONNECTION_REFUSED @ http://localhost:3001/_next/static/chunks/node_modules_next_dist_client_0fhqo1d._.js:13299
[   74150ms] [ERROR] WebSocket connection to 'ws://localhost:3001/_next/webpack-hmr?id=bqgkfGPXXJ0uzEIfnLZrJ' failed: Error in connection establishment: net::ERR_CONNECTION_REFUSED @ http://localhost:3001/_next/static/chunks/node_modules_next_dist_client_0fhqo1d._.js:13299
